<?xml version="1.0" encoding="UTF-8"?>
<testsuite name="model.SquadTest" tests="1" skipped="0" failures="0" errors="0" timestamp="2020-07-03T13:46:42" hostname="tonui-HP-ProBook-450-G5" time="0.001">
  <properties/>
  <testcase name="ReturnCorrectId_Integer" classname="model.SquadTest" time="0.001"/>
  <system-out><![CDATA[]]></system-out>
  <system-err><![CDATA[]]></system-err>
</testsuite>
