<?xml version="1.0" encoding="UTF-8"?>
<testsuite name="model.SquadTest" tests="4" skipped="0" failures="0" errors="0" timestamp="2020-07-03T13:00:38" hostname="tonui-HP-ProBook-450-G5" time="0.002">
  <properties/>
  <testcase name="Squad_getDescription_String" classname="model.SquadTest" time="0.001"/>
  <testcase name="Squad_getMaxSize_Integer" classname="model.SquadTest" time="0.0"/>
  <testcase name="Squad_InstantiatesCorrectly" classname="model.SquadTest" time="0.0"/>
  <testcase name="Squad_getNameCorrectly_String" classname="model.SquadTest" time="0.0"/>
  <system-out><![CDATA[]]></system-out>
  <system-err><![CDATA[]]></system-err>
</testsuite>
